<?xml version="1.0" encoding="UTF-8"?>
<!-- Generated by org.testng.reporters.JUnitReportReporter -->
<testsuite name="fFreelancer.EnquiryPage" tests="1" time="0.001" ignored="0" failures="0" timestamp="09 Oct 2019 10:03:42 GMT" skipped="1" hostname="a-PC" errors="0">
  <testcase name="EnquiryFrom" time="0.001" classname="fFreelancer.EnquiryPage">
    <skipped/>
  </testcase> <!-- EnquiryFrom -->
</testsuite> <!-- fFreelancer.EnquiryPage -->
