<?xml version="1.0" encoding="UTF-8"?>
<!-- Generated by org.testng.reporters.JUnitReportReporter -->
<testsuite name="fFreelancer.LoginTest" tests="1" time="0.015" ignored="0" failures="0" timestamp="09 Oct 2019 09:54:10 GMT" skipped="0" hostname="a-PC" errors="0">
  <testcase name="main" time="0.015" classname="fFreelancer.LoginTest"/>
</testsuite> <!-- fFreelancer.LoginTest -->
