<?xml version="1.0" encoding="UTF-8"?>
<!-- Generated by org.testng.reporters.JUnitReportReporter -->
<testsuite name="fFreelancer.Search" tests="1" time="0.002" ignored="0" failures="0" timestamp="09 Oct 2019 10:03:42 GMT" skipped="1" hostname="a-PC" errors="0">
  <testcase name="searchboxhome" time="0.002" classname="fFreelancer.Search">
    <skipped/>
  </testcase> <!-- searchboxhome -->
</testsuite> <!-- fFreelancer.Search -->
