<?xml version="1.0" encoding="UTF-8"?>
<!-- Generated by org.testng.reporters.JUnitReportReporter -->
<testsuite name="xonierpack.XonierHome" tests="1" time="34.780" ignored="0" failures="0" timestamp="18 Oct 2019 12:03:07 GMT" skipped="0" hostname="a-PC" errors="0">
  <testcase name="HomePage" time="34.780" classname="xonierpack.XonierHome"/>
</testsuite> <!-- xonierpack.XonierHome -->
