<?xml version="1.0" encoding="UTF-8"?>
<!-- Generated by org.testng.reporters.JUnitReportReporter -->
<testsuite name="xonierpack.SchoolERP" tests="2" time="0.003" ignored="0" failures="0" timestamp="09 Dec 2019 06:33:39 GMT" skipped="1" hostname="a-PC" errors="1">
  <testcase name="setUp" time="0.000" classname="xonierpack.SchoolERP">
    <error type="org.openqa.selenium.WebDriverException" message="Failed to connect to binary FirefoxBinary(C:\Program Files\Mozilla Firefox\firefox.exe) on port 7055; process output follows: 
ion&quot;:&quot;à´µà´¿à´•àµ�à´•à´¿à´ªàµ€à´¡à´¿à´¯, à´¸àµ�à´µà´¤à´¨àµ�à´¤àµ�à´° à´¸à´°àµ�â€�à´µàµ�à´µà´µà´¿à´œàµ�à´žà´¾à´¨à´•àµ‹à´¶à´‚ &quot;,&quot;creator&quot;:null,&quot;developers&quot;:null,&quot;translators&quot;:null,&quot;contributors&quot;:null,&quot;locales&quot;:[&quot;ml&quot;]},{&quot;name&quot;:&quot;Wikipedia (ms)&quot;,&quot;description&quot;:&quot;Wikipedia, ensiklopedia bebas&quot;,&quot;creator&quot;:null,&quot;developers&quot;:null,&quot;translators&quot;:null,&quot;contributors&quot;:null,&quot;locales&quot;:[&quot;ms&quot;]},{&quot;name&quot;:&quot;Wikipedia (ia)&quot;,&quot;description&quot;:&quot;Wikipedia, le encyclopedia libere&quot;,&quot;creator&quot;:null,&quot;developers&quot;:null,&quot;translators&quot;:null,&quot;contributors&quot;:null,&quot;locales&quot;:[&quot;ia&quot;]},{&quot;name&quot;:&quot;ViquipÃ¨dia (ca)&quot;,&quot;description&quot;:&quot;L&#039;enciclopÃ¨dia lliure&quot;,&quot;creator&quot;:null,&quot;developers&quot;:null,&quot;translators&quot;:null,&quot;contributors&quot;:null,&quot;locales&quot;:[&quot;ca&quot;]},{&quot;name&quot;:&quot;Wikipedia (no)&quot;,&quot;description&quot;:&quot;Wikipedia, den frie encyklopedi&quot;,&quot;creator&quot;:null,&quot;developers&quot;:null,&quot;translators&quot;:null,&quot;contributors&quot;:null,&quot;locales&quot;:[&quot;NO&quot;]},{&quot;name&quot;:&quot;Wikipedia (wo)&quot;,&quot;description&quot;:&quot;Wikipedia, Jimbulang bu Ubbeeku bi&quot;,&quot;creator&quot;:null,&quot;developers&quot;:null,&quot;translators&quot;:null,&quot;contributors&quot;:null,&quot;locales&quot;:[&quot;wo&quot;]},{&quot;name&quot;:&quot;Ð’Ð¸ÐºÐ¸Ð¿ÐµÐ´Ð¸Ñ� (ru)&quot;,&quot;description&quot;:&quot;Ð’Ð¸ÐºÐ¸Ð¿ÐµÐ´Ð¸Ñ�, Ñ�Ð²Ð¾Ð±Ð¾Ð´Ð½Ð°Ñ� Ñ�Ð½Ñ†Ð¸ÐºÐ»Ð¾Ð¿ÐµÐ´Ð¸Ñ�&quot;,&quot;creator&quot;:null,&quot;developers&quot;:null,&quot;translators&quot;:null,&quot;contributors&quot;:null,&quot;locales&quot;:[&quot;ru&quot;]},{&quot;name&quot;:&quot;Wikipedia (br)&quot;,&quot;description&quot;:&quot;Wikipedia, an holloueziadur digor&quot;,&quot;creator&quot;:null,&quot;developers&quot;:null,&quot;translators&quot;:null,&quot;contributors&quot;:null,&quot;locales&quot;:[&quot;br&quot;]},{&quot;name&quot;:&quot;Wikipedia (pl)&quot;,&quot;description&quot;:&quot;Wikipedia, wolna encyklopedia&quot;,&quot;creator&quot;:null,&quot;developers&quot;:null,&quot;translators&quot;:null,&quot;contributors&quot;:null,&quot;locales&quot;:[&quot;pl&quot;]},{&quot;name&quot;:&quot;Ð’Ñ–ÐºÑ–Ð¿Ñ�Ð´Ñ‹Ñ� (be-tarask)&quot;,&quot;description&quot;:&quot;Ð’Ñ–ÐºÑ–Ð¿Ñ�Ð´Ñ‹Ñ�, Ð²Ð¾Ð»ÑŒÐ½Ð°Ñ� Ñ�Ð½Ñ†Ñ‹ÐºÐ»Ñ�Ð¿Ñ�Ð´Ñ‹Ñ�&quot;,&quot;creator&quot;:null,&quot;developers&quot;:null,&quot;translators&quot;:null,&quot;contributors&quot;:null,&quot;locales&quot;:[&quot;be-tarask&quot;]},{&quot;name&quot;:&quot;Wikipedia (sv)&quot;,&quot;description&quot;:&quot;Wikipedia, den fria encyklopedin&quot;,&quot;creator&quot;:null,&quot;developers&quot;:null,&quot;translators&quot;:null,&quot;contributors&quot;:null,&quot;locales&quot;:[&quot;sv-SE&quot;]},{&quot;name&quot;:&quot;àº§àº´àº�àº´àºžàºµà»€àº”àº� (lo)&quot;,&quot;description&quot;:&quot;àº§àº´àº�àº´àºžàºµà»€àº”àº�, àºªàº²àº¥àº²àº™àº¸àº�àº»àº¡à»€àºªàº¥àºµ&quot;,&quot;creator&quot;:null,&quot;developers&quot;:null,&quot;translators&quot;:null,&quot;contributors&quot;:null,&quot;locales&quot;:[&quot;lo&quot;]},{&quot;name&quot;:&quot;Wikipedija (sl)&quot;,&quot;description&quot;:&quot;Wikipedija, prosta enciklopedija&quot;,&quot;creator&quot;:null,&quot;developers&quot;:null,&quot;translators&quot;:null,&quot;contributors&quot;:null,&quot;locales&quot;:[&quot;sl&quot;]},{&quot;name&quot;:&quot;VikipÄ“dija&quot;,&quot;description&quot;:&quot;VikipÄ“dija, brÄ«vÄ� enciklopÄ“dija&quot;,&quot;creator&quot;:null,&quot;developers&quot;:null,&quot;translators&quot;:null,&quot;contributors&quot;:null,&quot;locales&quot;:[&quot;lv&quot;]},{&quot;name&quot;:&quot;Biquipedia (an)&quot;,&quot;description&quot;:&quot;A enciclopedia Libre&quot;,&quot;creator&quot;:null,&quot;developers&quot;:null,&quot;translators&quot;:null,&quot;contributors&quot;:null,&quot;locales&quot;:[&quot;an&quot;]}],&quot;targetApplications&quot;:[{&quot;id&quot;:&quot;toolkit@mozilla.org&quot;,&quot;minVersion&quot;:null,&quot;maxVersion&quot;:null}],&quot;targetPlatforms&quot;:[],&quot;seen&quot;:true,&quot;dependencies&quot;:[],&quot;incognito&quot;:&quot;spanning&quot;,&quot;userPermissions&quot;:{&quot;permissions&quot;:[],&quot;origins&quot;:[]},&quot;icons&quot;:{&quot;16&quot;:&quot;favicon.ico&quot;},&quot;iconURL&quot;:null,&quot;blocklistState&quot;:0,&quot;blocklistURL&quot;:null,&quot;startupData&quot;:null,&quot;hidden&quot;:true,&quot;installTelemetryInfo&quot;:null,&quot;recommendationState&quot;:null,&quot;rootURI&quot;:&quot;resource://search-extensions/wikipedia/&quot;,&quot;location&quot;:&quot;app-builtin&quot;}
1575873180427	addons.xpi	DEBUG	Loading bootstrap scope from resource://search-extensions/wikipedia/
1575873180427	addons.xpi	DEBUG	Calling bootstrap method install on wikipedia@search.mozilla.org version 1.0
1575873180428	addons.xpi	DEBUG	Calling bootstrap method startup on wikipedia@search.mozilla.org version 1.0
1575873182399	addons.xpi-utils	DEBUG	XPI Database saved, setting schema version preference to 31
1575873191963	addons.manager	DEBUG	Registering upgrade listener for formautofill@mozilla.org
1575873210416	addons.productaddons	INFO	sending request to: https://aus5.mozilla.org/update/3/GMP/71.0/20191202093317/WINNT_x86-msvc-x86/en-US/release/Windows_NT%206.1.0.0.7600%20(x86)/default/default/update.xml
1575873210749	addons.productaddons	INFO	Completed downloading document
1575873215056	addons.productaddons	INFO	downloadXHR File download. status=200
1575873215064	addons.productaddons	INFO	Downloaded file will be saved to C:\Users\a\AppData\Local\Temp\tmpaddon-f17349

Build info: version: &#039;2.25.0&#039;, revision: &#039;17482&#039;, time: &#039;2012-07-18 22:18:01&#039;
System info: os.name: &#039;Windows 7&#039;, os.arch: &#039;x86&#039;, os.version: &#039;6.1&#039;, java.version: &#039;1.8.0_221&#039;
Driver info: driver.version: FirefoxDriver">
      <![CDATA[org.openqa.selenium.WebDriverException: Failed to connect to binary FirefoxBinary(C:\Program Files\Mozilla Firefox\firefox.exe) on port 7055; process output follows: 
ion":"à´µà´¿à´•àµ�à´•à´¿à´ªàµ€à´¡à´¿à´¯, à´¸àµ�à´µà´¤à´¨àµ�à´¤àµ�à´° à´¸à´°àµ�â€�à´µàµ�à´µà´µà´¿à´œàµ�à´žà´¾à´¨à´•àµ‹à´¶à´‚ ","creator":null,"developers":null,"translators":null,"contributors":null,"locales":["ml"]},{"name":"Wikipedia (ms)","description":"Wikipedia, ensiklopedia bebas","creator":null,"developers":null,"translators":null,"contributors":null,"locales":["ms"]},{"name":"Wikipedia (ia)","description":"Wikipedia, le encyclopedia libere","creator":null,"developers":null,"translators":null,"contributors":null,"locales":["ia"]},{"name":"ViquipÃ¨dia (ca)","description":"L'enciclopÃ¨dia lliure","creator":null,"developers":null,"translators":null,"contributors":null,"locales":["ca"]},{"name":"Wikipedia (no)","description":"Wikipedia, den frie encyklopedi","creator":null,"developers":null,"translators":null,"contributors":null,"locales":["NO"]},{"name":"Wikipedia (wo)","description":"Wikipedia, Jimbulang bu Ubbeeku bi","creator":null,"developers":null,"translators":null,"contributors":null,"locales":["wo"]},{"name":"Ð’Ð¸ÐºÐ¸Ð¿ÐµÐ´Ð¸Ñ� (ru)","description":"Ð’Ð¸ÐºÐ¸Ð¿ÐµÐ´Ð¸Ñ�, Ñ�Ð²Ð¾Ð±Ð¾Ð´Ð½Ð°Ñ� Ñ�Ð½Ñ†Ð¸ÐºÐ»Ð¾Ð¿ÐµÐ´Ð¸Ñ�","creator":null,"developers":null,"translators":null,"contributors":null,"locales":["ru"]},{"name":"Wikipedia (br)","description":"Wikipedia, an holloueziadur digor","creator":null,"developers":null,"translators":null,"contributors":null,"locales":["br"]},{"name":"Wikipedia (pl)","description":"Wikipedia, wolna encyklopedia","creator":null,"developers":null,"translators":null,"contributors":null,"locales":["pl"]},{"name":"Ð’Ñ–ÐºÑ–Ð¿Ñ�Ð´Ñ‹Ñ� (be-tarask)","description":"Ð’Ñ–ÐºÑ–Ð¿Ñ�Ð´Ñ‹Ñ�, Ð²Ð¾Ð»ÑŒÐ½Ð°Ñ� Ñ�Ð½Ñ†Ñ‹ÐºÐ»Ñ�Ð¿Ñ�Ð´Ñ‹Ñ�","creator":null,"developers":null,"translators":null,"contributors":null,"locales":["be-tarask"]},{"name":"Wikipedia (sv)","description":"Wikipedia, den fria encyklopedin","creator":null,"developers":null,"translators":null,"contributors":null,"locales":["sv-SE"]},{"name":"àº§àº´àº�àº´àºžàºµà»€àº”àº� (lo)","description":"àº§àº´àº�àº´àºžàºµà»€àº”àº�, àºªàº²àº¥àº²àº™àº¸àº�àº»àº¡à»€àºªàº¥àºµ","creator":null,"developers":null,"translators":null,"contributors":null,"locales":["lo"]},{"name":"Wikipedija (sl)","description":"Wikipedija, prosta enciklopedija","creator":null,"developers":null,"translators":null,"contributors":null,"locales":["sl"]},{"name":"VikipÄ“dija","description":"VikipÄ“dija, brÄ«vÄ� enciklopÄ“dija","creator":null,"developers":null,"translators":null,"contributors":null,"locales":["lv"]},{"name":"Biquipedia (an)","description":"A enciclopedia Libre","creator":null,"developers":null,"translators":null,"contributors":null,"locales":["an"]}],"targetApplications":[{"id":"toolkit@mozilla.org","minVersion":null,"maxVersion":null}],"targetPlatforms":[],"seen":true,"dependencies":[],"incognito":"spanning","userPermissions":{"permissions":[],"origins":[]},"icons":{"16":"favicon.ico"},"iconURL":null,"blocklistState":0,"blocklistURL":null,"startupData":null,"hidden":true,"installTelemetryInfo":null,"recommendationState":null,"rootURI":"resource://search-extensions/wikipedia/","location":"app-builtin"}
1575873180427	addons.xpi	DEBUG	Loading bootstrap scope from resource://search-extensions/wikipedia/
1575873180427	addons.xpi	DEBUG	Calling bootstrap method install on wikipedia@search.mozilla.org version 1.0
1575873180428	addons.xpi	DEBUG	Calling bootstrap method startup on wikipedia@search.mozilla.org version 1.0
1575873182399	addons.xpi-utils	DEBUG	XPI Database saved, setting schema version preference to 31
1575873191963	addons.manager	DEBUG	Registering upgrade listener for formautofill@mozilla.org
1575873210416	addons.productaddons	INFO	sending request to: https://aus5.mozilla.org/update/3/GMP/71.0/20191202093317/WINNT_x86-msvc-x86/en-US/release/Windows_NT%206.1.0.0.7600%20(x86)/default/default/update.xml
1575873210749	addons.productaddons	INFO	Completed downloading document
1575873215056	addons.productaddons	INFO	downloadXHR File download. status=200
1575873215064	addons.productaddons	INFO	Downloaded file will be saved to C:\Users\a\AppData\Local\Temp\tmpaddon-f17349

Build info: version: '2.25.0', revision: '17482', time: '2012-07-18 22:18:01'
System info: os.name: 'Windows 7', os.arch: 'x86', os.version: '6.1', java.version: '1.8.0_221'
Driver info: driver.version: FirefoxDriver
	at org.openqa.selenium.firefox.internal.NewProfileExtensionConnection.start(NewProfileExtensionConnection.java:121)
	at org.openqa.selenium.firefox.FirefoxDriver.startClient(FirefoxDriver.java:245)
	at org.openqa.selenium.remote.RemoteWebDriver.<init>(RemoteWebDriver.java:109)
	at org.openqa.selenium.firefox.FirefoxDriver.<init>(FirefoxDriver.java:183)
	at org.openqa.selenium.firefox.FirefoxDriver.<init>(FirefoxDriver.java:178)
	at org.openqa.selenium.firefox.FirefoxDriver.<init>(FirefoxDriver.java:174)
	at org.openqa.selenium.firefox.FirefoxDriver.<init>(FirefoxDriver.java:92)
	at xonierpack.SchoolERP.setUp(SchoolERP.java:25)
	at sun.reflect.NativeMethodAccessorImpl.invoke0(Native Method)
	at sun.reflect.NativeMethodAccessorImpl.invoke(Unknown Source)
	at sun.reflect.DelegatingMethodAccessorImpl.invoke(Unknown Source)
	at java.lang.reflect.Method.invoke(Unknown Source)
	at org.testng.internal.MethodInvocationHelper.invokeMethod(MethodInvocationHelper.java:104)
	at org.testng.internal.Invoker.invokeConfigurationMethod(Invoker.java:515)
	at org.testng.internal.Invoker.invokeConfigurations(Invoker.java:217)
	at org.testng.internal.Invoker.invokeConfigurations(Invoker.java:144)
	at org.testng.internal.TestMethodWorker.invokeBeforeClassMethods(TestMethodWorker.java:169)
	at org.testng.internal.TestMethodWorker.run(TestMethodWorker.java:108)
	at org.testng.TestRunner.privateRun(TestRunner.java:756)
	at org.testng.TestRunner.run(TestRunner.java:610)
	at org.testng.SuiteRunner.runTest(SuiteRunner.java:387)
	at org.testng.SuiteRunner.runSequentially(SuiteRunner.java:382)
	at org.testng.SuiteRunner.privateRun(SuiteRunner.java:340)
	at org.testng.SuiteRunner.run(SuiteRunner.java:289)
	at org.testng.SuiteRunnerWorker.runSuite(SuiteRunnerWorker.java:52)
	at org.testng.SuiteRunnerWorker.run(SuiteRunnerWorker.java:86)
	at org.testng.TestNG.runSuitesSequentially(TestNG.java:1293)
	at org.testng.TestNG.runSuitesLocally(TestNG.java:1218)
	at org.testng.TestNG.runSuites(TestNG.java:1133)
	at org.testng.TestNG.run(TestNG.java:1104)
	at org.testng.remote.AbstractRemoteTestNG.run(AbstractRemoteTestNG.java:132)
	at org.testng.remote.RemoteTestNG.initAndRun(RemoteTestNG.java:236)
	at org.testng.remote.RemoteTestNG.main(RemoteTestNG.java:81)
Caused by: org.openqa.selenium.firefox.NotConnectedException: Unable to connect to host 127.0.0.1 on port 7055 after 45000 ms. Firefox console output:
ion":"à´µà´¿à´•àµ�à´•à´¿à´ªàµ€à´¡à´¿à´¯, à´¸àµ�à´µà´¤à´¨àµ�à´¤àµ�à´° à´¸à´°àµ�â€�à´µàµ�à´µà´µà´¿à´œàµ�à´žà´¾à´¨à´•àµ‹à´¶à´‚ ","creator":null,"developers":null,"translators":null,"contributors":null,"locales":["ml"]},{"name":"Wikipedia (ms)","description":"Wikipedia, ensiklopedia bebas","creator":null,"developers":null,"translators":null,"contributors":null,"locales":["ms"]},{"name":"Wikipedia (ia)","description":"Wikipedia, le encyclopedia libere","creator":null,"developers":null,"translators":null,"contributors":null,"locales":["ia"]},{"name":"ViquipÃ¨dia (ca)","description":"L'enciclopÃ¨dia lliure","creator":null,"developers":null,"translators":null,"contributors":null,"locales":["ca"]},{"name":"Wikipedia (no)","description":"Wikipedia, den frie encyklopedi","creator":null,"developers":null,"translators":null,"contributors":null,"locales":["NO"]},{"name":"Wikipedia (wo)","description":"Wikipedia, Jimbulang bu Ubbeeku bi","creator":null,"developers":null,"translators":null,"contributors":null,"locales":["wo"]},{"name":"Ð’Ð¸ÐºÐ¸Ð¿ÐµÐ´Ð¸Ñ� (ru)","description":"Ð’Ð¸ÐºÐ¸Ð¿ÐµÐ´Ð¸Ñ�, Ñ�Ð²Ð¾Ð±Ð¾Ð´Ð½Ð°Ñ� Ñ�Ð½Ñ†Ð¸ÐºÐ»Ð¾Ð¿ÐµÐ´Ð¸Ñ�","creator":null,"developers":null,"translators":null,"contributors":null,"locales":["ru"]},{"name":"Wikipedia (br)","description":"Wikipedia, an holloueziadur digor","creator":null,"developers":null,"translators":null,"contributors":null,"locales":["br"]},{"name":"Wikipedia (pl)","description":"Wikipedia, wolna encyklopedia","creator":null,"developers":null,"translators":null,"contributors":null,"locales":["pl"]},{"name":"Ð’Ñ–ÐºÑ–Ð¿Ñ�Ð´Ñ‹Ñ� (be-tarask)","description":"Ð’Ñ–ÐºÑ–Ð¿Ñ�Ð´Ñ‹Ñ�, Ð²Ð¾Ð»ÑŒÐ½Ð°Ñ� Ñ�Ð½Ñ†Ñ‹ÐºÐ»Ñ�Ð¿Ñ�Ð´Ñ‹Ñ�","creator":null,"developers":null,"translators":null,"contributors":null,"locales":["be-tarask"]},{"name":"Wikipedia (sv)","description":"Wikipedia, den fria encyklopedin","creator":null,"developers":null,"translators":null,"contributors":null,"locales":["sv-SE"]},{"name":"àº§àº´àº�àº´àºžàºµà»€àº”àº� (lo)","description":"àº§àº´àº�àº´àºžàºµà»€àº”àº�, àºªàº²àº¥àº²àº™àº¸àº�àº»àº¡à»€àºªàº¥àºµ","creator":null,"developers":null,"translators":null,"contributors":null,"locales":["lo"]},{"name":"Wikipedija (sl)","description":"Wikipedija, prosta enciklopedija","creator":null,"developers":null,"translators":null,"contributors":null,"locales":["sl"]},{"name":"VikipÄ“dija","description":"VikipÄ“dija, brÄ«vÄ� enciklopÄ“dija","creator":null,"developers":null,"translators":null,"contributors":null,"locales":["lv"]},{"name":"Biquipedia (an)","description":"A enciclopedia Libre","creator":null,"developers":null,"translators":null,"contributors":null,"locales":["an"]}],"targetApplications":[{"id":"toolkit@mozilla.org","minVersion":null,"maxVersion":null}],"targetPlatforms":[],"seen":true,"dependencies":[],"incognito":"spanning","userPermissions":{"permissions":[],"origins":[]},"icons":{"16":"favicon.ico"},"iconURL":null,"blocklistState":0,"blocklistURL":null,"startupData":null,"hidden":true,"installTelemetryInfo":null,"recommendationState":null,"rootURI":"resource://search-extensions/wikipedia/","location":"app-builtin"}
1575873180427	addons.xpi	DEBUG	Loading bootstrap scope from resource://search-extensions/wikipedia/
1575873180427	addons.xpi	DEBUG	Calling bootstrap method install on wikipedia@search.mozilla.org version 1.0
1575873180428	addons.xpi	DEBUG	Calling bootstrap method startup on wikipedia@search.mozilla.org version 1.0
1575873182399	addons.xpi-utils	DEBUG	XPI Database saved, setting schema version preference to 31
1575873191963	addons.manager	DEBUG	Registering upgrade listener for formautofill@mozilla.org
1575873210416	addons.productaddons	INFO	sending request to: https://aus5.mozilla.org/update/3/GMP/71.0/20191202093317/WINNT_x86-msvc-x86/en-US/release/Windows_NT%206.1.0.0.7600%20(x86)/default/default/update.xml
1575873210749	addons.productaddons	INFO	Completed downloading document
1575873215056	addons.productaddons	INFO	downloadXHR File download. status=200
1575873215064	addons.productaddons	INFO	Downloaded file will be saved to C:\Users\a\AppData\Local\Temp\tmpaddon-f17349

	at org.openqa.selenium.firefox.internal.NewProfileExtensionConnection.start(NewProfileExtensionConnection.java:109)
	... 32 more
]]>
    </error>
  </testcase> <!-- setUp -->
  <testcase name="validateInvalidLinks" time="0.003" classname="xonierpack.SchoolERP">
    <skipped/>
  </testcase> <!-- validateInvalidLinks -->
</testsuite> <!-- xonierpack.SchoolERP -->
