<?xml version="1.0" encoding="UTF-8"?>
<!-- Generated by org.testng.reporters.JUnitReportReporter -->
<testsuite name="datadriven.WecarescreenShot" tests="1" time="16.293" ignored="0" failures="0" timestamp="09 Oct 2019 07:57:48 GMT" skipped="0" hostname="a-PC" errors="0">
  <testcase name="TakeScreenShot" time="16.293" classname="datadriven.WecarescreenShot"/>
</testsuite> <!-- datadriven.WecarescreenShot -->
