<?xml version="1.0" encoding="UTF-8"?>
<!-- Generated by org.testng.reporters.JUnitReportReporter -->
<testsuite name="wecare4u.Wecarehome" tests="1" time="13.441" ignored="0" failures="0" timestamp="09 Nov 2019 07:40:24 GMT" skipped="0" hostname="a-PC" errors="0">
  <testcase name="HomePage" time="13.441" classname="wecare4u.Wecarehome"/>
</testsuite> <!-- wecare4u.Wecarehome -->
