<?xml version="1.0" encoding="UTF-8"?>
<!-- Generated by org.testng.reporters.JUnitReportReporter -->
<testsuite name="newproject.Screenshots" tests="1" time="17.536" ignored="0" failures="0" timestamp="08 Sep 2019 13:11:31 GMT" skipped="0" hostname="a-PC" errors="0">
  <testcase name="testGuru99TakeScreenShot" time="17.536" classname="newproject.Screenshots"/>
</testsuite> <!-- newproject.Screenshots -->
