<?xml version="1.0" encoding="UTF-8"?>
<!-- Generated by org.testng.reporters.JUnitReportReporter -->
<testsuite name="newproject.DateTime" tests="1" time="23.539" ignored="0" failures="0" timestamp="08 Sep 2019 09:06:31 GMT" skipped="0" hostname="a-PC" errors="0">
  <testcase name="dateTimePicker" time="23.539" classname="newproject.DateTime"/>
</testsuite> <!-- newproject.DateTime -->
